[0.489s] Invoking command in '/home/hemanth/eyrc_hb/hb_task1b_ws/src/hb_task_1b': PYTHONPATH=/home/hemanth/eyrc_hb/hb_task1b_ws/build/hb_task_1b/prefix_override:/home/hemanth/eyrc_hb/hb_task1b_ws/install/hb_task_1b/lib/python3.10/site-packages:${PYTHONPATH} /usr/bin/python3 setup.py egg_info --egg-base ../../build/hb_task_1b build --build-base /home/hemanth/eyrc_hb/hb_task1b_ws/build/hb_task_1b/build install --record /home/hemanth/eyrc_hb/hb_task1b_ws/build/hb_task_1b/install.log --single-version-externally-managed
[0.635s] running egg_info
[0.636s] writing ../../build/hb_task_1b/hb_task_1b.egg-info/PKG-INFO
[0.636s] writing dependency_links to ../../build/hb_task_1b/hb_task_1b.egg-info/dependency_links.txt
[0.636s] writing entry points to ../../build/hb_task_1b/hb_task_1b.egg-info/entry_points.txt
[0.636s] writing requirements to ../../build/hb_task_1b/hb_task_1b.egg-info/requires.txt
[0.637s] writing top-level names to ../../build/hb_task_1b/hb_task_1b.egg-info/top_level.txt
[0.637s] reading manifest file '../../build/hb_task_1b/hb_task_1b.egg-info/SOURCES.txt'
[0.638s] writing manifest file '../../build/hb_task_1b/hb_task_1b.egg-info/SOURCES.txt'
[0.638s] running build
[0.638s] running build_py
[0.638s] running install
[0.639s] /usr/lib/python3/dist-packages/setuptools/command/install.py:34: SetuptoolsDeprecationWarning: setup.py install is deprecated. Use build and pip and other standards-based tools.
[0.639s]   warnings.warn(
[0.639s] running install_lib
[0.640s] running install_data
[0.641s] copying package.xml -> /home/hemanth/eyrc_hb/hb_task1b_ws/install/hb_task_1b/share/hb_task_1b
[0.641s] creating /home/hemanth/eyrc_hb/hb_task1b_ws/install/hb_task_1b/share/hb_task_1b/launch
[0.641s] copying launch/gazebo.launch.py -> /home/hemanth/eyrc_hb/hb_task1b_ws/install/hb_task_1b/share/hb_task_1b/launch
[0.641s] copying launch/hb_task1b.launch.py -> /home/hemanth/eyrc_hb/hb_task1b_ws/install/hb_task_1b/share/hb_task_1b/launch
[0.641s] creating /home/hemanth/eyrc_hb/hb_task1b_ws/install/hb_task_1b/share/hb_task_1b/urdf
[0.642s] copying urdf/materials.xacro -> /home/hemanth/eyrc_hb/hb_task1b_ws/install/hb_task_1b/share/hb_task_1b/urdf
[0.642s] copying urdf/hb_bot.urdf.xacro -> /home/hemanth/eyrc_hb/hb_task1b_ws/install/hb_task_1b/share/hb_task_1b/urdf
[0.642s] creating /home/hemanth/eyrc_hb/hb_task1b_ws/install/hb_task_1b/share/hb_task_1b/meshes
[0.642s] copying meshes/17eyantra_logo_large e.png -> /home/hemanth/eyrc_hb/hb_task1b_ws/install/hb_task_1b/share/hb_task_1b/meshes
[0.642s] copying meshes/wheel.stl -> /home/hemanth/eyrc_hb/hb_task1b_ws/install/hb_task_1b/share/hb_task_1b/meshes
[0.650s] copying meshes/base.dae -> /home/hemanth/eyrc_hb/hb_task1b_ws/install/hb_task_1b/share/hb_task_1b/meshes
[0.653s] creating /home/hemanth/eyrc_hb/hb_task1b_ws/install/hb_task_1b/share/hb_task_1b/worlds
[0.653s] running install_egg_info
[0.655s] removing '/home/hemanth/eyrc_hb/hb_task1b_ws/install/hb_task_1b/lib/python3.10/site-packages/hb_task_1b-0.0.0-py3.10.egg-info' (and everything under it)
[0.655s] Copying ../../build/hb_task_1b/hb_task_1b.egg-info to /home/hemanth/eyrc_hb/hb_task1b_ws/install/hb_task_1b/lib/python3.10/site-packages/hb_task_1b-0.0.0-py3.10.egg-info
[0.656s] running install_scripts
[0.672s] Installing gazebo.launch = hb_task_1b.gazebo.launch.py:mainhb_task1b.launch = hb_task1b.launch.py:maincontroller script to /home/hemanth/eyrc_hb/hb_task1b_ws/install/hb_task_1b/lib/hb_task_1b
[0.672s] writing list of installed files to '/home/hemanth/eyrc_hb/hb_task1b_ws/build/hb_task_1b/install.log'
[0.709s] Invoked command in '/home/hemanth/eyrc_hb/hb_task1b_ws/src/hb_task_1b' returned '0': PYTHONPATH=/home/hemanth/eyrc_hb/hb_task1b_ws/build/hb_task_1b/prefix_override:/home/hemanth/eyrc_hb/hb_task1b_ws/install/hb_task_1b/lib/python3.10/site-packages:${PYTHONPATH} /usr/bin/python3 setup.py egg_info --egg-base ../../build/hb_task_1b build --build-base /home/hemanth/eyrc_hb/hb_task1b_ws/build/hb_task_1b/build install --record /home/hemanth/eyrc_hb/hb_task1b_ws/build/hb_task_1b/install.log --single-version-externally-managed
