[1.873s] DEBUG:colcon:Command line arguments: ['/usr/bin/colcon', 'build']
[1.873s] DEBUG:colcon:Parsed command line arguments: Namespace(log_base=None, log_level=None, verb_name='build', build_base='build', install_base='install', merge_install=False, symlink_install=False, test_result_base=None, continue_on_error=False, executor='parallel', parallel_workers=12, event_handlers=None, ignore_user_meta=False, metas=['./colcon.meta'], base_paths=['.'], packages_ignore=None, packages_ignore_regex=None, paths=None, packages_up_to=None, packages_up_to_regex=None, packages_above=None, packages_above_and_dependencies=None, packages_above_depth=None, packages_select_by_dep=None, packages_skip_by_dep=None, packages_skip_up_to=None, packages_select_build_failed=False, packages_skip_build_finished=False, packages_select_test_failures=False, packages_skip_test_passed=False, packages_select=None, packages_skip=None, packages_select_regex=None, packages_skip_regex=None, packages_start=None, packages_end=None, allow_overriding=[], cmake_args=None, cmake_target=None, cmake_target_skip_unavailable=False, cmake_clean_cache=False, cmake_clean_first=False, cmake_force_configure=False, ament_cmake_args=None, catkin_cmake_args=None, catkin_skip_building_tests=False, verb_parser=<colcon_defaults.argument_parser.defaults.DefaultArgumentsDecorator object at 0x7f62fbcd5840>, verb_extension=<colcon_core.verb.build.BuildVerb object at 0x7f62fcd6bd30>, main=<bound method BuildVerb.main of <colcon_core.verb.build.BuildVerb object at 0x7f62fcd6bd30>>)
[1.949s] Level 1:colcon.colcon_core.package_discovery:discover_packages(colcon_meta) check parameters
[1.949s] Level 1:colcon.colcon_core.package_discovery:discover_packages(recursive) check parameters
[1.949s] Level 1:colcon.colcon_core.package_discovery:discover_packages(ignore) check parameters
[1.949s] Level 1:colcon.colcon_core.package_discovery:discover_packages(path) check parameters
[1.949s] Level 1:colcon.colcon_core.package_discovery:discover_packages(colcon_meta) discover
[1.949s] Level 1:colcon.colcon_core.package_discovery:discover_packages(recursive) discover
[1.949s] INFO:colcon.colcon_core.package_discovery:Crawling recursively for packages in '/home/hemanth/eyrc_hb/hb_task1b_ws'
[1.950s] Level 1:colcon.colcon_core.package_identification:_identify(.) by extensions ['ignore', 'ignore_ament_install']
[1.950s] Level 1:colcon.colcon_core.package_identification:_identify(.) by extension 'ignore'
[1.950s] Level 1:colcon.colcon_core.package_identification:_identify(.) by extension 'ignore_ament_install'
[1.950s] Level 1:colcon.colcon_core.package_identification:_identify(.) by extensions ['colcon_pkg']
[1.950s] Level 1:colcon.colcon_core.package_identification:_identify(.) by extension 'colcon_pkg'
[1.950s] Level 1:colcon.colcon_core.package_identification:_identify(.) by extensions ['colcon_meta']
[1.950s] Level 1:colcon.colcon_core.package_identification:_identify(.) by extension 'colcon_meta'
[1.950s] Level 1:colcon.colcon_core.package_identification:_identify(.) by extensions ['ros']
[1.950s] Level 1:colcon.colcon_core.package_identification:_identify(.) by extension 'ros'
[1.971s] Level 1:colcon.colcon_core.package_identification:_identify(.) by extensions ['cmake', 'python']
[1.971s] Level 1:colcon.colcon_core.package_identification:_identify(.) by extension 'cmake'
[1.971s] Level 1:colcon.colcon_core.package_identification:_identify(.) by extension 'python'
[1.971s] Level 1:colcon.colcon_core.package_identification:_identify(.) by extensions ['python_setup_py']
[1.971s] Level 1:colcon.colcon_core.package_identification:_identify(.) by extension 'python_setup_py'
[1.971s] Level 1:colcon.colcon_core.package_identification:_identify(build) by extensions ['ignore', 'ignore_ament_install']
[1.971s] Level 1:colcon.colcon_core.package_identification:_identify(build) by extension 'ignore'
[1.971s] Level 1:colcon.colcon_core.package_identification:_identify(build) ignored
[1.972s] Level 1:colcon.colcon_core.package_identification:_identify(hb_task_1b) by extensions ['ignore', 'ignore_ament_install']
[1.972s] Level 1:colcon.colcon_core.package_identification:_identify(hb_task_1b) by extension 'ignore'
[1.972s] Level 1:colcon.colcon_core.package_identification:_identify(hb_task_1b) by extension 'ignore_ament_install'
[1.972s] Level 1:colcon.colcon_core.package_identification:_identify(hb_task_1b) by extensions ['colcon_pkg']
[1.972s] Level 1:colcon.colcon_core.package_identification:_identify(hb_task_1b) by extension 'colcon_pkg'
[1.972s] Level 1:colcon.colcon_core.package_identification:_identify(hb_task_1b) by extensions ['colcon_meta']
[1.972s] Level 1:colcon.colcon_core.package_identification:_identify(hb_task_1b) by extension 'colcon_meta'
[1.972s] Level 1:colcon.colcon_core.package_identification:_identify(hb_task_1b) by extensions ['ros']
[1.972s] Level 1:colcon.colcon_core.package_identification:_identify(hb_task_1b) by extension 'ros'
[1.978s] DEBUG:colcon.colcon_core.package_identification:Package 'hb_task_1b' with type 'ros.ament_python' and name 'hb_task_1b'
[1.978s] Level 1:colcon.colcon_core.package_identification:_identify(install) by extensions ['ignore', 'ignore_ament_install']
[1.978s] Level 1:colcon.colcon_core.package_identification:_identify(install) by extension 'ignore'
[1.979s] Level 1:colcon.colcon_core.package_identification:_identify(install) ignored
[1.979s] Level 1:colcon.colcon_core.package_identification:_identify(log) by extensions ['ignore', 'ignore_ament_install']
[1.979s] Level 1:colcon.colcon_core.package_identification:_identify(log) by extension 'ignore'
[1.979s] Level 1:colcon.colcon_core.package_identification:_identify(log) ignored
[1.979s] Level 1:colcon.colcon_core.package_identification:_identify(src) by extensions ['ignore', 'ignore_ament_install']
[1.979s] Level 1:colcon.colcon_core.package_identification:_identify(src) by extension 'ignore'
[1.979s] Level 1:colcon.colcon_core.package_identification:_identify(src) by extension 'ignore_ament_install'
[1.979s] Level 1:colcon.colcon_core.package_identification:_identify(src) by extensions ['colcon_pkg']
[1.979s] Level 1:colcon.colcon_core.package_identification:_identify(src) by extension 'colcon_pkg'
[1.979s] Level 1:colcon.colcon_core.package_identification:_identify(src) by extensions ['colcon_meta']
[1.979s] Level 1:colcon.colcon_core.package_identification:_identify(src) by extension 'colcon_meta'
[1.979s] Level 1:colcon.colcon_core.package_identification:_identify(src) by extensions ['ros']
[1.979s] Level 1:colcon.colcon_core.package_identification:_identify(src) by extension 'ros'
[1.980s] Level 1:colcon.colcon_core.package_identification:_identify(src) by extensions ['cmake', 'python']
[1.980s] Level 1:colcon.colcon_core.package_identification:_identify(src) by extension 'cmake'
[1.980s] Level 1:colcon.colcon_core.package_identification:_identify(src) by extension 'python'
[1.980s] Level 1:colcon.colcon_core.package_identification:_identify(src) by extensions ['python_setup_py']
[1.980s] Level 1:colcon.colcon_core.package_identification:_identify(src) by extension 'python_setup_py'
[1.980s] Level 1:colcon.colcon_core.package_identification:_identify(src/hb_task_1b) by extensions ['ignore', 'ignore_ament_install']
[1.980s] Level 1:colcon.colcon_core.package_identification:_identify(src/hb_task_1b) by extension 'ignore'
[1.980s] Level 1:colcon.colcon_core.package_identification:_identify(src/hb_task_1b) by extension 'ignore_ament_install'
[1.980s] Level 1:colcon.colcon_core.package_identification:_identify(src/hb_task_1b) by extensions ['colcon_pkg']
[1.980s] Level 1:colcon.colcon_core.package_identification:_identify(src/hb_task_1b) by extension 'colcon_pkg'
[1.980s] Level 1:colcon.colcon_core.package_identification:_identify(src/hb_task_1b) by extensions ['colcon_meta']
[1.980s] Level 1:colcon.colcon_core.package_identification:_identify(src/hb_task_1b) by extension 'colcon_meta'
[1.980s] Level 1:colcon.colcon_core.package_identification:_identify(src/hb_task_1b) by extensions ['ros']
[1.980s] Level 1:colcon.colcon_core.package_identification:_identify(src/hb_task_1b) by extension 'ros'
[1.981s] DEBUG:colcon.colcon_core.package_identification:Package 'src/hb_task_1b' with type 'ros.ament_python' and name 'hb_task_1b'
[1.982s] Level 1:colcon.colcon_core.package_identification:_identify(src/my_robot_interfaces) by extensions ['ignore', 'ignore_ament_install']
[1.982s] Level 1:colcon.colcon_core.package_identification:_identify(src/my_robot_interfaces) by extension 'ignore'
[1.982s] Level 1:colcon.colcon_core.package_identification:_identify(src/my_robot_interfaces) by extension 'ignore_ament_install'
[1.982s] Level 1:colcon.colcon_core.package_identification:_identify(src/my_robot_interfaces) by extensions ['colcon_pkg']
[1.982s] Level 1:colcon.colcon_core.package_identification:_identify(src/my_robot_interfaces) by extension 'colcon_pkg'
[1.982s] Level 1:colcon.colcon_core.package_identification:_identify(src/my_robot_interfaces) by extensions ['colcon_meta']
[1.982s] Level 1:colcon.colcon_core.package_identification:_identify(src/my_robot_interfaces) by extension 'colcon_meta'
[1.982s] Level 1:colcon.colcon_core.package_identification:_identify(src/my_robot_interfaces) by extensions ['ros']
[1.982s] Level 1:colcon.colcon_core.package_identification:_identify(src/my_robot_interfaces) by extension 'ros'
[1.983s] DEBUG:colcon.colcon_core.package_identification:Package 'src/my_robot_interfaces' with type 'ros.ament_cmake' and name 'my_robot_interfaces'
[1.983s] Level 1:colcon.colcon_core.package_discovery:discover_packages(recursive) using defaults
[1.984s] Level 1:colcon.colcon_core.package_discovery:discover_packages(ignore) discover
[1.984s] Level 1:colcon.colcon_core.package_discovery:discover_packages(ignore) using defaults
[1.984s] Level 1:colcon.colcon_core.package_discovery:discover_packages(path) discover
[1.984s] Level 1:colcon.colcon_core.package_discovery:discover_packages(path) using defaults
[2.112s] Level 1:colcon.colcon_core.package_discovery:discover_packages(prefix_path) check parameters
[2.112s] Level 1:colcon.colcon_core.package_discovery:discover_packages(prefix_path) discover
[2.154s] DEBUG:colcon.colcon_installed_package_information.package_discovery:Found 2 installed packages in /home/hemanth/eyrc_hb/hb_task1b_ws/install
[2.174s] DEBUG:colcon.colcon_installed_package_information.package_discovery:Found 2 installed packages in /home/hemanth/Downloads/hb_task1b_ws/hb_task1b_ws/install
[2.194s] DEBUG:colcon.colcon_installed_package_information.package_discovery:Found 287 installed packages in /opt/ros/humble
[2.196s] Level 1:colcon.colcon_core.package_discovery:discover_packages(prefix_path) using defaults
[2.319s] ERROR:colcon:colcon build: Duplicate package names not supported:
- hb_task_1b:
  - hb_task_1b
  - src/hb_task_1b
