[1.073s] Invoking command in '/home/hemanth/eyrc_hb/hb_task1b_ws/src/hb_task_1b': PYTHONPATH=/home/hemanth/eyrc_hb/hb_task1b_ws/build/hb_task_1b/prefix_override:/home/hemanth/eyrc_hb/hb_task1b_ws/install/hb_task_1b/lib/python3.10/site-packages:${PYTHONPATH} /usr/bin/python3 setup.py egg_info --egg-base ../../build/hb_task_1b build --build-base /home/hemanth/eyrc_hb/hb_task1b_ws/build/hb_task_1b/build install --record /home/hemanth/eyrc_hb/hb_task1b_ws/build/hb_task_1b/install.log --single-version-externally-managed
[1.452s] running egg_info
[1.453s] writing ../../build/hb_task_1b/hb_task_1b.egg-info/PKG-INFO
[1.453s] writing dependency_links to ../../build/hb_task_1b/hb_task_1b.egg-info/dependency_links.txt
[1.453s] writing entry points to ../../build/hb_task_1b/hb_task_1b.egg-info/entry_points.txt
[1.454s] writing requirements to ../../build/hb_task_1b/hb_task_1b.egg-info/requires.txt
[1.454s] writing top-level names to ../../build/hb_task_1b/hb_task_1b.egg-info/top_level.txt
[1.458s] reading manifest file '../../build/hb_task_1b/hb_task_1b.egg-info/SOURCES.txt'
[1.459s] writing manifest file '../../build/hb_task_1b/hb_task_1b.egg-info/SOURCES.txt'
[1.459s] running build
[1.459s] running build_py
[1.460s] running install
[1.460s] /usr/lib/python3/dist-packages/setuptools/command/install.py:34: SetuptoolsDeprecationWarning: setup.py install is deprecated. Use build and pip and other standards-based tools.
[1.461s]   warnings.warn(
[1.461s] running install_lib
[1.463s] running install_data
[1.464s] copying package.xml -> /home/hemanth/eyrc_hb/hb_task1b_ws/install/hb_task_1b/share/hb_task_1b
[1.464s] creating /home/hemanth/eyrc_hb/hb_task1b_ws/install/hb_task_1b/share/hb_task_1b/scripts
[1.464s] running install_egg_info
[1.467s] removing '/home/hemanth/eyrc_hb/hb_task1b_ws/install/hb_task_1b/lib/python3.10/site-packages/hb_task_1b-0.0.0-py3.10.egg-info' (and everything under it)
[1.467s] Copying ../../build/hb_task_1b/hb_task_1b.egg-info to /home/hemanth/eyrc_hb/hb_task1b_ws/install/hb_task_1b/lib/python3.10/site-packages/hb_task_1b-0.0.0-py3.10.egg-info
[1.468s] running install_scripts
[1.506s] Installing controller script to /home/hemanth/eyrc_hb/hb_task1b_ws/install/hb_task_1b/lib/hb_task_1b
[1.506s] Installing service_node script to /home/hemanth/eyrc_hb/hb_task1b_ws/install/hb_task_1b/lib/hb_task_1b
[1.506s] writing list of installed files to '/home/hemanth/eyrc_hb/hb_task1b_ws/build/hb_task_1b/install.log'
[1.579s] Invoked command in '/home/hemanth/eyrc_hb/hb_task1b_ws/src/hb_task_1b' returned '0': PYTHONPATH=/home/hemanth/eyrc_hb/hb_task1b_ws/build/hb_task_1b/prefix_override:/home/hemanth/eyrc_hb/hb_task1b_ws/install/hb_task_1b/lib/python3.10/site-packages:${PYTHONPATH} /usr/bin/python3 setup.py egg_info --egg-base ../../build/hb_task_1b build --build-base /home/hemanth/eyrc_hb/hb_task1b_ws/build/hb_task_1b/build install --record /home/hemanth/eyrc_hb/hb_task1b_ws/build/hb_task_1b/install.log --single-version-externally-managed
