[0.459s] DEBUG:colcon:Command line arguments: ['/usr/bin/colcon', 'build']
[0.459s] DEBUG:colcon:Parsed command line arguments: Namespace(log_base=None, log_level=None, verb_name='build', build_base='build', install_base='install', merge_install=False, symlink_install=False, test_result_base=None, continue_on_error=False, executor='parallel', parallel_workers=12, event_handlers=None, ignore_user_meta=False, metas=['./colcon.meta'], base_paths=['.'], packages_ignore=None, packages_ignore_regex=None, paths=None, packages_up_to=None, packages_up_to_regex=None, packages_above=None, packages_above_and_dependencies=None, packages_above_depth=None, packages_select_by_dep=None, packages_skip_by_dep=None, packages_skip_up_to=None, packages_select_build_failed=False, packages_skip_build_finished=False, packages_select_test_failures=False, packages_skip_test_passed=False, packages_select=None, packages_skip=None, packages_select_regex=None, packages_skip_regex=None, packages_start=None, packages_end=None, allow_overriding=[], cmake_args=None, cmake_target=None, cmake_target_skip_unavailable=False, cmake_clean_cache=False, cmake_clean_first=False, cmake_force_configure=False, ament_cmake_args=None, catkin_cmake_args=None, catkin_skip_building_tests=False, verb_parser=<colcon_defaults.argument_parser.defaults.DefaultArgumentsDecorator object at 0x7fa992f1b880>, verb_extension=<colcon_core.verb.build.BuildVerb object at 0x7fa992d801c0>, main=<bound method BuildVerb.main of <colcon_core.verb.build.BuildVerb object at 0x7fa992d801c0>>)
[0.483s] Level 1:colcon.colcon_core.package_discovery:discover_packages(colcon_meta) check parameters
[0.483s] Level 1:colcon.colcon_core.package_discovery:discover_packages(recursive) check parameters
[0.483s] Level 1:colcon.colcon_core.package_discovery:discover_packages(ignore) check parameters
[0.483s] Level 1:colcon.colcon_core.package_discovery:discover_packages(path) check parameters
[0.483s] Level 1:colcon.colcon_core.package_discovery:discover_packages(colcon_meta) discover
[0.483s] Level 1:colcon.colcon_core.package_discovery:discover_packages(recursive) discover
[0.483s] INFO:colcon.colcon_core.package_discovery:Crawling recursively for packages in '/home/hemanth/eyrc_hb_copy/eyrc_hb'
[0.483s] Level 1:colcon.colcon_core.package_identification:_identify(.) by extensions ['ignore', 'ignore_ament_install']
[0.483s] Level 1:colcon.colcon_core.package_identification:_identify(.) by extension 'ignore'
[0.483s] Level 1:colcon.colcon_core.package_identification:_identify(.) by extension 'ignore_ament_install'
[0.483s] Level 1:colcon.colcon_core.package_identification:_identify(.) by extensions ['colcon_pkg']
[0.483s] Level 1:colcon.colcon_core.package_identification:_identify(.) by extension 'colcon_pkg'
[0.483s] Level 1:colcon.colcon_core.package_identification:_identify(.) by extensions ['colcon_meta']
[0.483s] Level 1:colcon.colcon_core.package_identification:_identify(.) by extension 'colcon_meta'
[0.483s] Level 1:colcon.colcon_core.package_identification:_identify(.) by extensions ['ros']
[0.483s] Level 1:colcon.colcon_core.package_identification:_identify(.) by extension 'ros'
[0.491s] Level 1:colcon.colcon_core.package_identification:_identify(.) by extensions ['cmake', 'python']
[0.491s] Level 1:colcon.colcon_core.package_identification:_identify(.) by extension 'cmake'
[0.491s] Level 1:colcon.colcon_core.package_identification:_identify(.) by extension 'python'
[0.491s] Level 1:colcon.colcon_core.package_identification:_identify(.) by extensions ['python_setup_py']
[0.491s] Level 1:colcon.colcon_core.package_identification:_identify(.) by extension 'python_setup_py'
[0.491s] Level 1:colcon.colcon_core.package_identification:_identify(build) by extensions ['ignore', 'ignore_ament_install']
[0.491s] Level 1:colcon.colcon_core.package_identification:_identify(build) by extension 'ignore'
[0.491s] Level 1:colcon.colcon_core.package_identification:_identify(build) ignored
[0.491s] Level 1:colcon.colcon_core.package_identification:_identify(hb_task1a_ws) by extensions ['ignore', 'ignore_ament_install']
[0.491s] Level 1:colcon.colcon_core.package_identification:_identify(hb_task1a_ws) by extension 'ignore'
[0.491s] Level 1:colcon.colcon_core.package_identification:_identify(hb_task1a_ws) by extension 'ignore_ament_install'
[0.491s] Level 1:colcon.colcon_core.package_identification:_identify(hb_task1a_ws) by extensions ['colcon_pkg']
[0.491s] Level 1:colcon.colcon_core.package_identification:_identify(hb_task1a_ws) by extension 'colcon_pkg'
[0.491s] Level 1:colcon.colcon_core.package_identification:_identify(hb_task1a_ws) by extensions ['colcon_meta']
[0.491s] Level 1:colcon.colcon_core.package_identification:_identify(hb_task1a_ws) by extension 'colcon_meta'
[0.491s] Level 1:colcon.colcon_core.package_identification:_identify(hb_task1a_ws) by extensions ['ros']
[0.491s] Level 1:colcon.colcon_core.package_identification:_identify(hb_task1a_ws) by extension 'ros'
[0.491s] Level 1:colcon.colcon_core.package_identification:_identify(hb_task1a_ws) by extensions ['cmake', 'python']
[0.491s] Level 1:colcon.colcon_core.package_identification:_identify(hb_task1a_ws) by extension 'cmake'
[0.491s] Level 1:colcon.colcon_core.package_identification:_identify(hb_task1a_ws) by extension 'python'
[0.491s] Level 1:colcon.colcon_core.package_identification:_identify(hb_task1a_ws) by extensions ['python_setup_py']
[0.491s] Level 1:colcon.colcon_core.package_identification:_identify(hb_task1a_ws) by extension 'python_setup_py'
[0.492s] Level 1:colcon.colcon_core.package_identification:_identify(hb_task1a_ws/build) by extensions ['ignore', 'ignore_ament_install']
[0.492s] Level 1:colcon.colcon_core.package_identification:_identify(hb_task1a_ws/build) by extension 'ignore'
[0.492s] Level 1:colcon.colcon_core.package_identification:_identify(hb_task1a_ws/build) ignored
[0.492s] Level 1:colcon.colcon_core.package_identification:_identify(hb_task1a_ws/install) by extensions ['ignore', 'ignore_ament_install']
[0.492s] Level 1:colcon.colcon_core.package_identification:_identify(hb_task1a_ws/install) by extension 'ignore'
[0.492s] Level 1:colcon.colcon_core.package_identification:_identify(hb_task1a_ws/install) ignored
[0.492s] Level 1:colcon.colcon_core.package_identification:_identify(hb_task1a_ws/log) by extensions ['ignore', 'ignore_ament_install']
[0.492s] Level 1:colcon.colcon_core.package_identification:_identify(hb_task1a_ws/log) by extension 'ignore'
[0.492s] Level 1:colcon.colcon_core.package_identification:_identify(hb_task1a_ws/log) ignored
[0.492s] Level 1:colcon.colcon_core.package_identification:_identify(hb_task1a_ws/src) by extensions ['ignore', 'ignore_ament_install']
[0.492s] Level 1:colcon.colcon_core.package_identification:_identify(hb_task1a_ws/src) by extension 'ignore'
[0.492s] Level 1:colcon.colcon_core.package_identification:_identify(hb_task1a_ws/src) by extension 'ignore_ament_install'
[0.492s] Level 1:colcon.colcon_core.package_identification:_identify(hb_task1a_ws/src) by extensions ['colcon_pkg']
[0.492s] Level 1:colcon.colcon_core.package_identification:_identify(hb_task1a_ws/src) by extension 'colcon_pkg'
[0.492s] Level 1:colcon.colcon_core.package_identification:_identify(hb_task1a_ws/src) by extensions ['colcon_meta']
[0.492s] Level 1:colcon.colcon_core.package_identification:_identify(hb_task1a_ws/src) by extension 'colcon_meta'
[0.492s] Level 1:colcon.colcon_core.package_identification:_identify(hb_task1a_ws/src) by extensions ['ros']
[0.492s] Level 1:colcon.colcon_core.package_identification:_identify(hb_task1a_ws/src) by extension 'ros'
[0.492s] Level 1:colcon.colcon_core.package_identification:_identify(hb_task1a_ws/src) by extensions ['cmake', 'python']
[0.492s] Level 1:colcon.colcon_core.package_identification:_identify(hb_task1a_ws/src) by extension 'cmake'
[0.492s] Level 1:colcon.colcon_core.package_identification:_identify(hb_task1a_ws/src) by extension 'python'
[0.492s] Level 1:colcon.colcon_core.package_identification:_identify(hb_task1a_ws/src) by extensions ['python_setup_py']
[0.492s] Level 1:colcon.colcon_core.package_identification:_identify(hb_task1a_ws/src) by extension 'python_setup_py'
[0.492s] Level 1:colcon.colcon_core.package_identification:_identify(hb_task1a_ws/src/hb_task_1a) by extensions ['ignore', 'ignore_ament_install']
[0.492s] Level 1:colcon.colcon_core.package_identification:_identify(hb_task1a_ws/src/hb_task_1a) by extension 'ignore'
[0.492s] Level 1:colcon.colcon_core.package_identification:_identify(hb_task1a_ws/src/hb_task_1a) by extension 'ignore_ament_install'
[0.492s] Level 1:colcon.colcon_core.package_identification:_identify(hb_task1a_ws/src/hb_task_1a) by extensions ['colcon_pkg']
[0.492s] Level 1:colcon.colcon_core.package_identification:_identify(hb_task1a_ws/src/hb_task_1a) by extension 'colcon_pkg'
[0.492s] Level 1:colcon.colcon_core.package_identification:_identify(hb_task1a_ws/src/hb_task_1a) by extensions ['colcon_meta']
[0.492s] Level 1:colcon.colcon_core.package_identification:_identify(hb_task1a_ws/src/hb_task_1a) by extension 'colcon_meta'
[0.492s] Level 1:colcon.colcon_core.package_identification:_identify(hb_task1a_ws/src/hb_task_1a) by extensions ['ros']
[0.492s] Level 1:colcon.colcon_core.package_identification:_identify(hb_task1a_ws/src/hb_task_1a) by extension 'ros'
[0.494s] DEBUG:colcon.colcon_core.package_identification:Package 'hb_task1a_ws/src/hb_task_1a' with type 'ros.ament_python' and name 'hb_task_1a'
[0.494s] Level 1:colcon.colcon_core.package_identification:_identify(hb_task1b_ws) by extensions ['ignore', 'ignore_ament_install']
[0.494s] Level 1:colcon.colcon_core.package_identification:_identify(hb_task1b_ws) by extension 'ignore'
[0.494s] Level 1:colcon.colcon_core.package_identification:_identify(hb_task1b_ws) by extension 'ignore_ament_install'
[0.494s] Level 1:colcon.colcon_core.package_identification:_identify(hb_task1b_ws) by extensions ['colcon_pkg']
[0.494s] Level 1:colcon.colcon_core.package_identification:_identify(hb_task1b_ws) by extension 'colcon_pkg'
[0.494s] Level 1:colcon.colcon_core.package_identification:_identify(hb_task1b_ws) by extensions ['colcon_meta']
[0.494s] Level 1:colcon.colcon_core.package_identification:_identify(hb_task1b_ws) by extension 'colcon_meta'
[0.494s] Level 1:colcon.colcon_core.package_identification:_identify(hb_task1b_ws) by extensions ['ros']
[0.494s] Level 1:colcon.colcon_core.package_identification:_identify(hb_task1b_ws) by extension 'ros'
[0.494s] Level 1:colcon.colcon_core.package_identification:_identify(hb_task1b_ws) by extensions ['cmake', 'python']
[0.494s] Level 1:colcon.colcon_core.package_identification:_identify(hb_task1b_ws) by extension 'cmake'
[0.494s] Level 1:colcon.colcon_core.package_identification:_identify(hb_task1b_ws) by extension 'python'
[0.494s] Level 1:colcon.colcon_core.package_identification:_identify(hb_task1b_ws) by extensions ['python_setup_py']
[0.494s] Level 1:colcon.colcon_core.package_identification:_identify(hb_task1b_ws) by extension 'python_setup_py'
[0.494s] Level 1:colcon.colcon_core.package_identification:_identify(hb_task1b_ws/build) by extensions ['ignore', 'ignore_ament_install']
[0.494s] Level 1:colcon.colcon_core.package_identification:_identify(hb_task1b_ws/build) by extension 'ignore'
[0.494s] Level 1:colcon.colcon_core.package_identification:_identify(hb_task1b_ws/build) ignored
[0.494s] Level 1:colcon.colcon_core.package_identification:_identify(hb_task1b_ws/install) by extensions ['ignore', 'ignore_ament_install']
[0.495s] Level 1:colcon.colcon_core.package_identification:_identify(hb_task1b_ws/install) by extension 'ignore'
[0.495s] Level 1:colcon.colcon_core.package_identification:_identify(hb_task1b_ws/install) ignored
[0.495s] Level 1:colcon.colcon_core.package_identification:_identify(hb_task1b_ws/log) by extensions ['ignore', 'ignore_ament_install']
[0.495s] Level 1:colcon.colcon_core.package_identification:_identify(hb_task1b_ws/log) by extension 'ignore'
[0.495s] Level 1:colcon.colcon_core.package_identification:_identify(hb_task1b_ws/log) ignored
[0.495s] Level 1:colcon.colcon_core.package_identification:_identify(hb_task1b_ws/src) by extensions ['ignore', 'ignore_ament_install']
[0.495s] Level 1:colcon.colcon_core.package_identification:_identify(hb_task1b_ws/src) by extension 'ignore'
[0.495s] Level 1:colcon.colcon_core.package_identification:_identify(hb_task1b_ws/src) by extension 'ignore_ament_install'
[0.495s] Level 1:colcon.colcon_core.package_identification:_identify(hb_task1b_ws/src) by extensions ['colcon_pkg']
[0.495s] Level 1:colcon.colcon_core.package_identification:_identify(hb_task1b_ws/src) by extension 'colcon_pkg'
[0.495s] Level 1:colcon.colcon_core.package_identification:_identify(hb_task1b_ws/src) by extensions ['colcon_meta']
[0.495s] Level 1:colcon.colcon_core.package_identification:_identify(hb_task1b_ws/src) by extension 'colcon_meta'
[0.495s] Level 1:colcon.colcon_core.package_identification:_identify(hb_task1b_ws/src) by extensions ['ros']
[0.495s] Level 1:colcon.colcon_core.package_identification:_identify(hb_task1b_ws/src) by extension 'ros'
[0.495s] Level 1:colcon.colcon_core.package_identification:_identify(hb_task1b_ws/src) by extensions ['cmake', 'python']
[0.495s] Level 1:colcon.colcon_core.package_identification:_identify(hb_task1b_ws/src) by extension 'cmake'
[0.495s] Level 1:colcon.colcon_core.package_identification:_identify(hb_task1b_ws/src) by extension 'python'
[0.495s] Level 1:colcon.colcon_core.package_identification:_identify(hb_task1b_ws/src) by extensions ['python_setup_py']
[0.495s] Level 1:colcon.colcon_core.package_identification:_identify(hb_task1b_ws/src) by extension 'python_setup_py'
[0.495s] Level 1:colcon.colcon_core.package_identification:_identify(hb_task1b_ws/src/hb_task_1b) by extensions ['ignore', 'ignore_ament_install']
[0.495s] Level 1:colcon.colcon_core.package_identification:_identify(hb_task1b_ws/src/hb_task_1b) by extension 'ignore'
[0.495s] Level 1:colcon.colcon_core.package_identification:_identify(hb_task1b_ws/src/hb_task_1b) by extension 'ignore_ament_install'
[0.495s] Level 1:colcon.colcon_core.package_identification:_identify(hb_task1b_ws/src/hb_task_1b) by extensions ['colcon_pkg']
[0.495s] Level 1:colcon.colcon_core.package_identification:_identify(hb_task1b_ws/src/hb_task_1b) by extension 'colcon_pkg'
[0.495s] Level 1:colcon.colcon_core.package_identification:_identify(hb_task1b_ws/src/hb_task_1b) by extensions ['colcon_meta']
[0.495s] Level 1:colcon.colcon_core.package_identification:_identify(hb_task1b_ws/src/hb_task_1b) by extension 'colcon_meta'
[0.495s] Level 1:colcon.colcon_core.package_identification:_identify(hb_task1b_ws/src/hb_task_1b) by extensions ['ros']
[0.495s] Level 1:colcon.colcon_core.package_identification:_identify(hb_task1b_ws/src/hb_task_1b) by extension 'ros'
[0.496s] DEBUG:colcon.colcon_core.package_identification:Package 'hb_task1b_ws/src/hb_task_1b' with type 'ros.ament_python' and name 'hb_task_1b'
[0.496s] Level 1:colcon.colcon_core.package_identification:_identify(hb_task1b_ws/src/my_robot_interfaces) by extensions ['ignore', 'ignore_ament_install']
[0.496s] Level 1:colcon.colcon_core.package_identification:_identify(hb_task1b_ws/src/my_robot_interfaces) by extension 'ignore'
[0.496s] Level 1:colcon.colcon_core.package_identification:_identify(hb_task1b_ws/src/my_robot_interfaces) by extension 'ignore_ament_install'
[0.496s] Level 1:colcon.colcon_core.package_identification:_identify(hb_task1b_ws/src/my_robot_interfaces) by extensions ['colcon_pkg']
[0.496s] Level 1:colcon.colcon_core.package_identification:_identify(hb_task1b_ws/src/my_robot_interfaces) by extension 'colcon_pkg'
[0.496s] Level 1:colcon.colcon_core.package_identification:_identify(hb_task1b_ws/src/my_robot_interfaces) by extensions ['colcon_meta']
[0.496s] Level 1:colcon.colcon_core.package_identification:_identify(hb_task1b_ws/src/my_robot_interfaces) by extension 'colcon_meta'
[0.496s] Level 1:colcon.colcon_core.package_identification:_identify(hb_task1b_ws/src/my_robot_interfaces) by extensions ['ros']
[0.496s] Level 1:colcon.colcon_core.package_identification:_identify(hb_task1b_ws/src/my_robot_interfaces) by extension 'ros'
[0.496s] DEBUG:colcon.colcon_core.package_identification:Package 'hb_task1b_ws/src/my_robot_interfaces' with type 'ros.ament_cmake' and name 'my_robot_interfaces'
[0.496s] Level 1:colcon.colcon_core.package_identification:_identify(install) by extensions ['ignore', 'ignore_ament_install']
[0.496s] Level 1:colcon.colcon_core.package_identification:_identify(install) by extension 'ignore'
[0.496s] Level 1:colcon.colcon_core.package_identification:_identify(install) ignored
[0.496s] Level 1:colcon.colcon_core.package_identification:_identify(log) by extensions ['ignore', 'ignore_ament_install']
[0.496s] Level 1:colcon.colcon_core.package_identification:_identify(log) by extension 'ignore'
[0.496s] Level 1:colcon.colcon_core.package_identification:_identify(log) ignored
[0.496s] Level 1:colcon.colcon_core.package_discovery:discover_packages(recursive) using defaults
[0.496s] Level 1:colcon.colcon_core.package_discovery:discover_packages(ignore) discover
[0.497s] Level 1:colcon.colcon_core.package_discovery:discover_packages(ignore) using defaults
[0.497s] Level 1:colcon.colcon_core.package_discovery:discover_packages(path) discover
[0.497s] Level 1:colcon.colcon_core.package_discovery:discover_packages(path) using defaults
[0.540s] Level 1:colcon.colcon_core.package_discovery:discover_packages(prefix_path) check parameters
[0.540s] Level 1:colcon.colcon_core.package_discovery:discover_packages(prefix_path) discover
[0.553s] DEBUG:colcon.colcon_installed_package_information.package_discovery:Found 287 installed packages in /opt/ros/humble
[0.554s] Level 1:colcon.colcon_core.package_discovery:discover_packages(prefix_path) using defaults
[0.599s] Level 5:colcon.colcon_core.verb:set package 'hb_task_1a' build argument 'cmake_args' from command line to 'None'
[0.599s] Level 5:colcon.colcon_core.verb:set package 'hb_task_1a' build argument 'cmake_target' from command line to 'None'
[0.599s] Level 5:colcon.colcon_core.verb:set package 'hb_task_1a' build argument 'cmake_target_skip_unavailable' from command line to 'False'
[0.599s] Level 5:colcon.colcon_core.verb:set package 'hb_task_1a' build argument 'cmake_clean_cache' from command line to 'False'
[0.599s] Level 5:colcon.colcon_core.verb:set package 'hb_task_1a' build argument 'cmake_clean_first' from command line to 'False'
[0.599s] Level 5:colcon.colcon_core.verb:set package 'hb_task_1a' build argument 'cmake_force_configure' from command line to 'False'
[0.599s] Level 5:colcon.colcon_core.verb:set package 'hb_task_1a' build argument 'ament_cmake_args' from command line to 'None'
[0.599s] Level 5:colcon.colcon_core.verb:set package 'hb_task_1a' build argument 'catkin_cmake_args' from command line to 'None'
[0.599s] Level 5:colcon.colcon_core.verb:set package 'hb_task_1a' build argument 'catkin_skip_building_tests' from command line to 'False'
[0.599s] DEBUG:colcon.colcon_core.verb:Building package 'hb_task_1a' with the following arguments: {'ament_cmake_args': None, 'build_base': '/home/hemanth/eyrc_hb_copy/eyrc_hb/build/hb_task_1a', 'catkin_cmake_args': None, 'catkin_skip_building_tests': False, 'cmake_args': None, 'cmake_clean_cache': False, 'cmake_clean_first': False, 'cmake_force_configure': False, 'cmake_target': None, 'cmake_target_skip_unavailable': False, 'install_base': '/home/hemanth/eyrc_hb_copy/eyrc_hb/install/hb_task_1a', 'merge_install': False, 'path': '/home/hemanth/eyrc_hb_copy/eyrc_hb/hb_task1a_ws/src/hb_task_1a', 'symlink_install': False, 'test_result_base': None}
[0.606s] Level 5:colcon.colcon_core.verb:set package 'hb_task_1b' build argument 'cmake_args' from command line to 'None'
[0.606s] Level 5:colcon.colcon_core.verb:set package 'hb_task_1b' build argument 'cmake_target' from command line to 'None'
[0.606s] Level 5:colcon.colcon_core.verb:set package 'hb_task_1b' build argument 'cmake_target_skip_unavailable' from command line to 'False'
[0.606s] Level 5:colcon.colcon_core.verb:set package 'hb_task_1b' build argument 'cmake_clean_cache' from command line to 'False'
[0.606s] Level 5:colcon.colcon_core.verb:set package 'hb_task_1b' build argument 'cmake_clean_first' from command line to 'False'
[0.606s] Level 5:colcon.colcon_core.verb:set package 'hb_task_1b' build argument 'cmake_force_configure' from command line to 'False'
[0.606s] Level 5:colcon.colcon_core.verb:set package 'hb_task_1b' build argument 'ament_cmake_args' from command line to 'None'
[0.606s] Level 5:colcon.colcon_core.verb:set package 'hb_task_1b' build argument 'catkin_cmake_args' from command line to 'None'
[0.606s] Level 5:colcon.colcon_core.verb:set package 'hb_task_1b' build argument 'catkin_skip_building_tests' from command line to 'False'
[0.606s] DEBUG:colcon.colcon_core.verb:Building package 'hb_task_1b' with the following arguments: {'ament_cmake_args': None, 'build_base': '/home/hemanth/eyrc_hb_copy/eyrc_hb/build/hb_task_1b', 'catkin_cmake_args': None, 'catkin_skip_building_tests': False, 'cmake_args': None, 'cmake_clean_cache': False, 'cmake_clean_first': False, 'cmake_force_configure': False, 'cmake_target': None, 'cmake_target_skip_unavailable': False, 'install_base': '/home/hemanth/eyrc_hb_copy/eyrc_hb/install/hb_task_1b', 'merge_install': False, 'path': '/home/hemanth/eyrc_hb_copy/eyrc_hb/hb_task1b_ws/src/hb_task_1b', 'symlink_install': False, 'test_result_base': None}
[0.612s] Level 5:colcon.colcon_core.verb:set package 'my_robot_interfaces' build argument 'cmake_args' from command line to 'None'
[0.612s] Level 5:colcon.colcon_core.verb:set package 'my_robot_interfaces' build argument 'cmake_target' from command line to 'None'
[0.612s] Level 5:colcon.colcon_core.verb:set package 'my_robot_interfaces' build argument 'cmake_target_skip_unavailable' from command line to 'False'
[0.612s] Level 5:colcon.colcon_core.verb:set package 'my_robot_interfaces' build argument 'cmake_clean_cache' from command line to 'False'
[0.612s] Level 5:colcon.colcon_core.verb:set package 'my_robot_interfaces' build argument 'cmake_clean_first' from command line to 'False'
[0.612s] Level 5:colcon.colcon_core.verb:set package 'my_robot_interfaces' build argument 'cmake_force_configure' from command line to 'False'
[0.612s] Level 5:colcon.colcon_core.verb:set package 'my_robot_interfaces' build argument 'ament_cmake_args' from command line to 'None'
[0.612s] Level 5:colcon.colcon_core.verb:set package 'my_robot_interfaces' build argument 'catkin_cmake_args' from command line to 'None'
[0.612s] Level 5:colcon.colcon_core.verb:set package 'my_robot_interfaces' build argument 'catkin_skip_building_tests' from command line to 'False'
[0.612s] DEBUG:colcon.colcon_core.verb:Building package 'my_robot_interfaces' with the following arguments: {'ament_cmake_args': None, 'build_base': '/home/hemanth/eyrc_hb_copy/eyrc_hb/build/my_robot_interfaces', 'catkin_cmake_args': None, 'catkin_skip_building_tests': False, 'cmake_args': None, 'cmake_clean_cache': False, 'cmake_clean_first': False, 'cmake_force_configure': False, 'cmake_target': None, 'cmake_target_skip_unavailable': False, 'install_base': '/home/hemanth/eyrc_hb_copy/eyrc_hb/install/my_robot_interfaces', 'merge_install': False, 'path': '/home/hemanth/eyrc_hb_copy/eyrc_hb/hb_task1b_ws/src/my_robot_interfaces', 'symlink_install': False, 'test_result_base': None}
[0.618s] INFO:colcon.colcon_core.executor:Executing jobs using 'parallel' executor
[0.625s] DEBUG:colcon.colcon_parallel_executor.executor.parallel:run_until_complete
[0.625s] INFO:colcon.colcon_ros.task.ament_python.build:Building ROS package in '/home/hemanth/eyrc_hb_copy/eyrc_hb/hb_task1a_ws/src/hb_task_1a' with build type 'ament_python'
[0.625s] Level 1:colcon.colcon_core.shell:create_environment_hook('hb_task_1a', 'ament_prefix_path')
[0.632s] INFO:colcon.colcon_core.plugin_system:Skipping extension 'colcon_core.shell.bat': Not used on non-Windows systems
[0.632s] INFO:colcon.colcon_core.shell:Creating environment hook '/home/hemanth/eyrc_hb_copy/eyrc_hb/install/hb_task_1a/share/hb_task_1a/hook/ament_prefix_path.ps1'
[0.633s] INFO:colcon.colcon_core.shell:Creating environment descriptor '/home/hemanth/eyrc_hb_copy/eyrc_hb/install/hb_task_1a/share/hb_task_1a/hook/ament_prefix_path.dsv'
[0.633s] INFO:colcon.colcon_core.shell:Creating environment hook '/home/hemanth/eyrc_hb_copy/eyrc_hb/install/hb_task_1a/share/hb_task_1a/hook/ament_prefix_path.sh'
[0.640s] INFO:colcon.colcon_core.shell:Skip shell extension 'powershell' for command environment: Not usable outside of PowerShell
[0.640s] DEBUG:colcon.colcon_core.shell:Skip shell extension 'dsv' for command environment
[0.654s] INFO:colcon.colcon_ros.task.ament_python.build:Building ROS package in '/home/hemanth/eyrc_hb_copy/eyrc_hb/hb_task1b_ws/src/hb_task_1b' with build type 'ament_python'
[0.654s] Level 1:colcon.colcon_core.shell:create_environment_hook('hb_task_1b', 'ament_prefix_path')
[0.661s] INFO:colcon.colcon_core.shell:Creating environment hook '/home/hemanth/eyrc_hb_copy/eyrc_hb/install/hb_task_1b/share/hb_task_1b/hook/ament_prefix_path.ps1'
[0.661s] INFO:colcon.colcon_core.shell:Creating environment descriptor '/home/hemanth/eyrc_hb_copy/eyrc_hb/install/hb_task_1b/share/hb_task_1b/hook/ament_prefix_path.dsv'
[0.662s] INFO:colcon.colcon_core.shell:Creating environment hook '/home/hemanth/eyrc_hb_copy/eyrc_hb/install/hb_task_1b/share/hb_task_1b/hook/ament_prefix_path.sh'
[0.669s] INFO:colcon.colcon_core.shell:Skip shell extension 'powershell' for command environment: Not usable outside of PowerShell
[0.670s] DEBUG:colcon.colcon_core.shell:Skip shell extension 'dsv' for command environment
[0.684s] INFO:colcon.colcon_ros.task.ament_cmake.build:Building ROS package in '/home/hemanth/eyrc_hb_copy/eyrc_hb/hb_task1b_ws/src/my_robot_interfaces' with build type 'ament_cmake'
[0.684s] INFO:colcon.colcon_cmake.task.cmake.build:Building CMake package in '/home/hemanth/eyrc_hb_copy/eyrc_hb/hb_task1b_ws/src/my_robot_interfaces'
[0.691s] INFO:colcon.colcon_core.shell:Skip shell extension 'powershell' for command environment: Not usable outside of PowerShell
[0.691s] DEBUG:colcon.colcon_core.shell:Skip shell extension 'dsv' for command environment
[0.859s] INFO:colcon.colcon_core.task.python.build:Building Python package in '/home/hemanth/eyrc_hb_copy/eyrc_hb/hb_task1a_ws/src/hb_task_1a'
[0.867s] INFO:colcon.colcon_core.shell:Skip shell extension 'powershell' for command environment: Not usable outside of PowerShell
[0.867s] DEBUG:colcon.colcon_core.shell:Skip shell extension 'dsv' for command environment
[1.044s] DEBUG:colcon.colcon_parallel_executor.executor.parallel:closing loop
[1.044s] DEBUG:colcon.colcon_parallel_executor.executor.parallel:loop closed
[1.044s] DEBUG:colcon.colcon_parallel_executor.executor.parallel:run_until_complete finished with 'Command '['/usr/bin/python3', '-c', 'import sys;from contextlib import suppress;exec("with suppress(ImportError):    from setuptools.extern.packaging.specifiers    import SpecifierSet");exec("with suppress(ImportError):    from packaging.specifiers import SpecifierSet");from distutils.core import run_setup;dist = run_setup(    \'setup.py\', script_args=(\'--dry-run\',), stop_after=\'config\');skip_keys = (\'cmdclass\', \'distclass\', \'ext_modules\', \'metadata\');data = {    key: value for key, value in dist.__dict__.items()     if (        not key.startswith(\'_\') and         not callable(value) and         key not in skip_keys and         key not in dist.display_option_names    )};data[\'metadata\'] = {    k: v for k, v in dist.metadata.__dict__.items()     if k not in (\'license_files\', \'provides_extras\')};sys.stdout.buffer.write(repr(data).encode(\'utf-8\'))']' returned non-zero exit status 1.'
[1.044s] DEBUG:colcon.colcon_core.event_reactor:joining thread
[1.054s] INFO:colcon.colcon_core.plugin_system:Skipping extension 'colcon_notification.desktop_notification.terminal_notifier': Not used on non-Darwin systems
[1.054s] INFO:colcon.colcon_core.plugin_system:Skipping extension 'colcon_notification.desktop_notification.win32': Not used on non-Windows systems
[1.054s] INFO:colcon.colcon_notification.desktop_notification:Sending desktop notification using 'notify2'
[1.064s] DEBUG:colcon.colcon_core.event_reactor:joined thread
[1.072s] INFO:colcon.colcon_core.shell:Creating prefix script '/home/hemanth/eyrc_hb_copy/eyrc_hb/install/local_setup.ps1'
[1.072s] INFO:colcon.colcon_core.shell:Creating prefix util module '/home/hemanth/eyrc_hb_copy/eyrc_hb/install/_local_setup_util_ps1.py'
[1.073s] INFO:colcon.colcon_core.shell:Creating prefix chain script '/home/hemanth/eyrc_hb_copy/eyrc_hb/install/setup.ps1'
[1.080s] INFO:colcon.colcon_core.shell:Creating prefix script '/home/hemanth/eyrc_hb_copy/eyrc_hb/install/local_setup.sh'
[1.080s] INFO:colcon.colcon_core.shell:Creating prefix util module '/home/hemanth/eyrc_hb_copy/eyrc_hb/install/_local_setup_util_sh.py'
[1.081s] INFO:colcon.colcon_core.shell:Creating prefix chain script '/home/hemanth/eyrc_hb_copy/eyrc_hb/install/setup.sh'
[1.088s] INFO:colcon.colcon_core.shell:Creating prefix script '/home/hemanth/eyrc_hb_copy/eyrc_hb/install/local_setup.bash'
[1.088s] INFO:colcon.colcon_core.shell:Creating prefix chain script '/home/hemanth/eyrc_hb_copy/eyrc_hb/install/setup.bash'
[1.096s] INFO:colcon.colcon_core.shell:Creating prefix script '/home/hemanth/eyrc_hb_copy/eyrc_hb/install/local_setup.zsh'
[1.096s] INFO:colcon.colcon_core.shell:Creating prefix chain script '/home/hemanth/eyrc_hb_copy/eyrc_hb/install/setup.zsh'
